[1/10] Performing build step for 'bootloader'
[1/1] cmd.exe /C "cd /D D:\git\ESPIDF-UDP2DMX\build\bootloader\esp-idf\esptool_py && C:\Users\kdros\.espressif\python_env\idf5.0_py3.10_env\Scripts\python.exe C:/git/esp-idf/components/partition_table/check_sizes.py --offset 0x8000 bootloader 0x1000 D:/git/ESPIDF-UDP2DMX/build/bootloader/bootloader.bin"
Bootloader binary size 0x6390 bytes. 0xc70 bytes (11%) free.
[2/8] Building C object esp-idf/main/CMakeFiles/__idf_main.dir/main.c.obj
FAILED: esp-idf/main/CMakeFiles/__idf_main.dir/main.c.obj 
ccache C:\Users\kdros\.espressif\tools\xtensa-esp32-elf\esp-2022r1-11.2.0\xtensa-esp32-elf\bin\xtensa-esp32-elf-gcc.exe  -ID:/git/ESPIDF-UDP2DMX/build/config -ID:/git/ESPIDF-UDP2DMX/main -IC:/git/esp-idf/components/newlib/platform_include -IC:/git/esp-idf/components/freertos/FreeRTOS-Kernel/include -IC:/git/esp-idf/components/freertos/esp_additions/include/freertos -IC:/git/esp-idf/components/freertos/FreeRTOS-Kernel/portable/xtensa/include -IC:/git/esp-idf/components/freertos/esp_additions/include -IC:/git/esp-idf/components/esp_hw_support/include -IC:/git/esp-idf/components/esp_hw_support/include/soc -IC:/git/esp-idf/components/esp_hw_support/include/soc/esp32 -IC:/git/esp-idf/components/esp_hw_support/port/esp32/. -IC:/git/esp-idf/components/esp_hw_support/port/esp32/private_include -IC:/git/esp-idf/components/heap/include -IC:/git/esp-idf/components/log/include -IC:/git/esp-idf/components/soc/include -IC:/git/esp-idf/components/soc/esp32/. -IC:/git/esp-idf/components/soc/esp32/include -IC:/git/esp-idf/components/hal/esp32/include -IC:/git/esp-idf/components/hal/include -IC:/git/esp-idf/components/hal/platform_port/include -IC:/git/esp-idf/components/esp_rom/include -IC:/git/esp-idf/components/esp_rom/include/esp32 -IC:/git/esp-idf/components/esp_rom/esp32 -IC:/git/esp-idf/components/esp_common/include -IC:/git/esp-idf/components/esp_system/include -IC:/git/esp-idf/components/esp_system/port/soc -IC:/git/esp-idf/components/esp_system/port/include/private -IC:/git/esp-idf/components/xtensa/include -IC:/git/esp-idf/components/xtensa/esp32/include -IC:/git/esp-idf/components/lwip/include -IC:/git/esp-idf/components/lwip/include/apps -IC:/git/esp-idf/components/lwip/include/apps/sntp -IC:/git/esp-idf/components/lwip/lwip/src/include -IC:/git/esp-idf/components/lwip/port/esp32/include -IC:/git/esp-idf/components/lwip/port/esp32/include/arch -IC:/git/esp-idf/components/esp_event/include -IC:/git/esp-idf/components/esp_netif/include -IC:/git/esp-idf/components/driver/include -IC:/git/esp-idf/components/driver/deprecated -IC:/git/esp-idf/components/driver/esp32/include -IC:/git/esp-idf/components/esp_pm/include -IC:/git/esp-idf/components/esp_ringbuf/include -IC:/git/esp-idf/components/nvs_flash/include -IC:/git/esp-idf/components/esp_partition/include -IC:/git/esp-idf/examples/common_components/protocol_examples_common/include -ID:/git/ESPIDF-UDP2DMX/managed_components/someweisguy__esp_dmx/src -IC:/git/esp-idf/components/esp_timer/include -mlongcalls -Wno-frame-address  -fdiagnostics-color=always -ffunction-sections -fdata-sections -Wall -Werror=all -Wno-error=unused-function -Wno-error=unused-variable -Wno-error=deprecated-declarations -Wextra -Wno-unused-parameter -Wno-sign-compare -Wno-enum-conversion -gdwarf-4 -ggdb -Og -fmacro-prefix-map=D:/git/ESPIDF-UDP2DMX=. -fmacro-prefix-map=C:/git/esp-idf=/IDF -fstrict-volatile-bitfields -Wno-error=unused-but-set-variable -fno-jump-tables -fno-tree-switch-conversion -DconfigENABLE_FREERTOS_DEBUG_OCDAWARE=1 -std=gnu17 -Wno-old-style-declaration -D_GNU_SOURCE -DIDF_VER=\"v5.0\" -DESP_PLATFORM -D_POSIX_READER_WRITER_LOCKS -MD -MT esp-idf/main/CMakeFiles/__idf_main.dir/main.c.obj -MF esp-idf\main\CMakeFiles\__idf_main.dir\main.c.obj.d -o esp-idf/main/CMakeFiles/__idf_main.dir/main.c.obj -c D:/git/ESPIDF-UDP2DMX/main/main.c
D:/git/ESPIDF-UDP2DMX/main/main.c: In function 'udp_server_task':
D:/git/ESPIDF-UDP2DMX/main/main.c:219:38: error: implicit declaration of function 'roundf' [-Werror=implicit-function-declaration]
  219 |                         int r = (int)roundf(r_percent * 2.55f);
      |                                      ^~~~~~
D:/git/ESPIDF-UDP2DMX/main/main.c:14:1: note: include '<math.h>' or provide a declaration of 'roundf'
   13 | #include "driver/gpio.h"
  +++ |+#include <math.h>
   14 | 
D:/git/ESPIDF-UDP2DMX/main/main.c:219:38: warning: incompatible implicit declaration of built-in function 'roundf' [-Wbuiltin-declaration-mismatch]
  219 |                         int r = (int)roundf(r_percent * 2.55f);
      |                                      ^~~~~~
D:/git/ESPIDF-UDP2DMX/main/main.c:219:38: note: include '<math.h>' or provide a declaration of 'roundf'
D:/git/ESPIDF-UDP2DMX/main/main.c:283:34: warning: incompatible implicit declaration of built-in function 'roundf' [-Wbuiltin-declaration-mismatch]
  283 |                     int r = (int)roundf(r_percent * 2.55f);
      |                                  ^~~~~~
D:/git/ESPIDF-UDP2DMX/main/main.c:283:34: note: include '<math.h>' or provide a declaration of 'roundf'
D:/git/ESPIDF-UDP2DMX/main/main.c:199:19: warning: unused variable 'arg3' [-Wunused-variable]
  199 |             char *arg3 = strtok(NULL, "#");
      |                   ^~~~
D:/git/ESPIDF-UDP2DMX/main/main.c:353:5: error: expected declaration or statement at end of input
  353 |     }
      |     ^
At top level:
D:/git/ESPIDF-UDP2DMX/main/main.c:311:10: warning: 'app_main' defined but not used [-Wunused-function]
  311 |     void app_main()
      |          ^~~~~~~~
cc1.exe: some warnings being treated as errors
ninja: build stopped: subcommand failed.
